  • electron-builder  version=25.1.8 os=10.0.26200
  • loaded configuration  file=package.json ("build" field)
  • author is missed in the package.json  appPackageFile=D:\code\manbo\package.json
  • executing @electron/rebuild  electronVersion=42.4.0 arch=x64 buildFromSource=false appDir=./
  • installing native dependencies  arch=x64
  • completed installing native dependencies
  • packaging       platform=win32 arch=x64 electron=42.4.0 appOutDir=dist\win-unpacked
  ⨯ remove D:\code\manbo\dist\win-unpacked\哈基米曼波.exe: The process cannot access the file because it is being used by another process.
github.com/develar/go-fs-util.EnsureEmptyDir
	/Users/runner/go/pkg/mod/github.com/develar/go-fs-util@v0.0.0-20190620175131-69a2d4542206/fs.go:98
github.com/develar/app-builder/pkg/electron.UnpackElectron.func1.1
	/Users/runner/work/app-builder/app-builder/pkg/electron/electronUnpack.go:38
github.com/develar/app-builder/pkg/util.MapAsyncConcurrency.func2
	/Users/runner/work/app-builder/app-builder/pkg/util/async.go:68
runtime.goexit
	/Users/runner/hostedtoolcache/go/1.21.13/arm64/src/runtime/asm_amd64.s:1650  
  ⨯ D:\code\manbo\node_modules\app-builder-bin\win\x64\app-builder.exe process failed ERR_ELECTRON_BUILDER_CANNOT_EXECUTE
Exit code:
1  failedTask=build stackTrace=Error: D:\code\manbo\node_modules\app-builder-bin\win\x64\app-builder.exe process failed ERR_ELECTRON_BUILDER_CANNOT_EXECUTE
Exit code:
1
    at ChildProcess.<anonymous> (D:\code\manbo\node_modules\builder-util\src\util.ts:255:14)
    at Object.onceWrapper (node:events:631:26)
    at ChildProcess.emit (node:events:509:28)
    at ChildProcess.cp.emit (D:\code\manbo\node_modules\cross-spawn\lib\enoent.js:34:29)
    at maybeClose (node:internal/child_process:1124:16)
    at Process.ChildProcess._handle.onexit (node:internal/child_process:306:5)
